<?xml version="1.0" encoding="UTF-8"?>
<!-- Generated by org.testng.reporters.JUnitReportReporter -->
<testsuite hostname="DESKTOP-TOSMLO0" failures="0" tests="2" name="org.CrossBrowserExecutionClasses.MagicPin" time="8.753" errors="0" timestamp="2025-06-27T13:29:48 IST" skipped="0">
  <testcase classname="org.CrossBrowserExecutionClasses.MagicPin" name="launchApplication" time="3.545"/>
  <testcase classname="org.CrossBrowserExecutionClasses.MagicPin" name="launchApplication" time="5.208"/>
</testsuite> <!-- org.CrossBrowserExecutionClasses.MagicPin -->
