<?xml version="1.0" encoding="UTF-8"?>
<!-- Generated by org.testng.reporters.JUnitReportReporter -->
<testsuite hostname="DESKTOP-TOSMLO0" failures="0" tests="2" name="org.testScripts.TestScript2" time="0.005" errors="0" timestamp="2025-06-28T13:48:15 IST" skipped="0">
  <testcase classname="org.testScripts.TestScript2" name="testcase2" time="0.002"/>
  <testcase classname="org.testScripts.TestScript2" name="testcase3" time="0.003"/>
</testsuite> <!-- org.testScripts.TestScript2 -->
