<?xml version="1.0" encoding="UTF-8"?>
<!-- Generated by org.testng.reporters.JUnitReportReporter -->
<testsuite hostname="DESKTOP-TOSMLO0" failures="0" tests="1" name="org.GroupExecutionClasses.Vicky" time="2.787" errors="0" timestamp="2025-06-26T14:12:49 IST" skipped="0">
  <testcase classname="org.GroupExecutionClasses.Vicky" name="launchWikiPedia" time="2.787">
    <system-out>
      <![CDATA[launching Vicky Page]]>
    </system-out>
  </testcase> <!-- launchWikiPedia -->
  <system-out>
    <![CDATA[launching Vicky Page
launching Yash Page
launching SRK Page
launching Puneeth Page]]>
  </system-out>
</testsuite> <!-- org.GroupExecutionClasses.Vicky -->
