<?xml version="1.0" encoding="UTF-8"?>
<!-- Generated by org.testng.reporters.JUnitReportReporter -->
<testsuite hostname="DESKTOP-TOSMLO0" failures="0" tests="6" name="org.generic_utilities.DataProviderClass" time="0.019" errors="0" timestamp="2025-07-04T13:22:01 IST" skipped="0">
  <testcase classname="org.generic_utilities.DataProviderClass" name="register" time="0.002"/>
  <testcase classname="org.generic_utilities.DataProviderClass" name="register" time="0.001"/>
  <testcase classname="org.generic_utilities.DataProviderClass" name="register" time="0.001"/>
  <testcase classname="org.generic_utilities.DataProviderClass" name="register" time="0.009"/>
  <testcase classname="org.generic_utilities.DataProviderClass" name="register" time="0.004"/>
  <testcase classname="org.generic_utilities.DataProviderClass" name="register" time="0.002"/>
</testsuite> <!-- org.generic_utilities.DataProviderClass -->
