<?xml version="1.0" encoding="UTF-8"?>
<!-- Generated by org.testng.reporters.JUnitReportReporter -->
<testsuite hostname="DESKTOP-TOSMLO0" failures="0" tests="1" name="org.batchExecutionClasses.Hero" time="6.842" errors="0" timestamp="2025-06-26T13:25:05 IST" skipped="0">
  <testcase classname="org.batchExecutionClasses.Hero" name="harley440x" time="6.842">
    <system-out>
      <![CDATA[launching Harley 440x Official Site]]>
    </system-out>
  </testcase> <!-- harley440x -->
  <system-out>
    <![CDATA[launching Harley 440x Official Site
launching Hayabusa Official Site
launching 42Bobber Official Site
launching Perak Official Site
launching R15 Official Site]]>
  </system-out>
</testsuite> <!-- org.batchExecutionClasses.Hero -->
