<?xml version="1.0" encoding="UTF-8"?>
<!-- Generated by org.testng.reporters.JUnitReportReporter -->
<testsuite hostname="DESKTOP-TOSMLO0" failures="0" tests="2" name="org.batchExecutionClasses.Jawa" time="5.520" errors="0" timestamp="2025-06-26T13:25:05 IST" skipped="0">
  <testcase classname="org.batchExecutionClasses.Jawa" name="bobber42" time="1.194">
    <system-out>
      <![CDATA[launching 42Bobber Official Site]]>
    </system-out>
  </testcase> <!-- bobber42 -->
  <testcase classname="org.batchExecutionClasses.Jawa" name="perak" time="4.326">
    <system-out>
      <![CDATA[launching Perak Official Site]]>
    </system-out>
  </testcase> <!-- perak -->
  <system-out>
    <![CDATA[launching Harley 440x Official Site
launching Hayabusa Official Site
launching 42Bobber Official Site
launching Perak Official Site
launching R15 Official Site]]>
  </system-out>
</testsuite> <!-- org.batchExecutionClasses.Jawa -->
