<?xml version="1.0" encoding="UTF-8"?>
<!-- Generated by org.testng.reporters.JUnitReportReporter -->
<testsuite hostname="DESKTOP-TOSMLO0" failures="0" tests="6" name="org.testScripts.RegisterUsingDataProvider" time="43.646" errors="0" timestamp="2025-07-04T13:32:29 IST" skipped="0">
  <testcase classname="org.testScripts.RegisterUsingDataProvider" name="register" time="8.032"/>
  <testcase classname="org.testScripts.RegisterUsingDataProvider" name="register" time="7.564"/>
  <testcase classname="org.testScripts.RegisterUsingDataProvider" name="register" time="7.035"/>
  <testcase classname="org.testScripts.RegisterUsingDataProvider" name="register" time="7.036"/>
  <testcase classname="org.testScripts.RegisterUsingDataProvider" name="register" time="6.884"/>
  <testcase classname="org.testScripts.RegisterUsingDataProvider" name="register" time="7.095"/>
</testsuite> <!-- org.testScripts.RegisterUsingDataProvider -->
