<?xml version="1.0" encoding="UTF-8"?>
<!-- Generated by org.testng.reporters.JUnitReportReporter -->
<testsuite hostname="DESKTOP-TOSMLO0" failures="0" tests="1" name="org.GroupExecutionClasses.AlluArjun" time="2.605" errors="0" timestamp="2025-06-26T14:11:50 IST" skipped="0">
  <testcase classname="org.GroupExecutionClasses.AlluArjun" name="launchWikiPedia" time="2.605">
    <system-out>
      <![CDATA[launching Allu Arjun Page]]>
    </system-out>
  </testcase> <!-- launchWikiPedia -->
  <system-out>
    <![CDATA[launching Allu Arjun Page
launching Yash Page
launching SRK Page
launching Puneeth Page]]>
  </system-out>
</testsuite> <!-- org.GroupExecutionClasses.AlluArjun -->
