<?xml version="1.0" encoding="UTF-8"?>
<!-- Generated by org.testng.reporters.JUnitReportReporter -->
<testsuite hostname="DESKTOP-TOSMLO0" failures="0" tests="1" name="org.testScripts.TestScript1" time="0.002" errors="0" timestamp="2025-06-28T13:48:15 IST" skipped="0">
  <testcase classname="org.testScripts.TestScript1" name="testcase1" time="0.002"/>
</testsuite> <!-- org.testScripts.TestScript1 -->
