<?xml version="1.0" encoding="UTF-8"?>
<!-- Generated by org.testng.reporters.JUnitReportReporter -->
<testsuite hostname="DESKTOP-TOSMLO0" failures="0" tests="1" name="org.generic_utilities.BaseTest" time="0.006" errors="0" timestamp="2025-06-28T13:17:04 IST" skipped="0">
  <testcase classname="org.generic_utilities.BaseTest" name="testCase" time="0.006"/>
</testsuite> <!-- org.generic_utilities.BaseTest -->
