<?xml version="1.0" encoding="UTF-8"?>
<!-- Generated by org.testng.reporters.JUnitReportReporter -->
<testsuite hostname="DESKTOP-TOSMLO0" failures="0" tests="1" name="org.testScripts.DemoScript" time="3.435" errors="0" timestamp="2025-07-08T13:31:43 IST" skipped="0">
  <testcase classname="org.testScripts.DemoScript" name="demoScript" time="3.435"/>
</testsuite> <!-- org.testScripts.DemoScript -->
