<?xml version="1.0" encoding="UTF-8"?>
<!-- Generated by org.testng.reporters.JUnitReportReporter -->
<testsuite hostname="DESKTOP-TOSMLO0" failures="0" tests="1" name="org.GroupExecutionClasses.MaheshBabu" time="1.892" errors="0" timestamp="2025-06-26T14:07:25 IST" skipped="0">
  <testcase classname="org.GroupExecutionClasses.MaheshBabu" name="launchWikiPedia" time="1.892">
    <system-out>
      <![CDATA[launching Mahesh Babu Page]]>
    </system-out>
  </testcase> <!-- launchWikiPedia -->
  <system-out>
    <![CDATA[launching Allu Arjun Page
launching Vicky Page
launching Yash Page
launching Mahesh Babu Page
launching SRK Page
launching Puneeth Page]]>
  </system-out>
</testsuite> <!-- org.GroupExecutionClasses.MaheshBabu -->
